package configuration for libffi is not found
have_header: checking for ffi.h... -------------------- no

"gcc -o conftest -I/home/vagrant/.rbenv/versions/1.9.3-p484/include/ruby-1.9.1/x86_64-linux -I/home/vagrant/.rbenv/versions/1.9.3-p484/include/ruby-1.9.1/ruby/backward -I/home/vagrant/.rbenv/versions/1.9.3-p484/include/ruby-1.9.1 -I. -I/home/vagrant/.rbenv/versions/1.9.3-p484/include   -I/home/vagrant/.rbenv/versions/1.9.3-p484/include   -O3 -ggdb -Wall -Wextra -Wno-unused-parameter -Wno-parentheses -Wno-long-long -Wno-missing-field-initializers -Wpointer-arith -Wwrite-strings -Wdeclaration-after-statement -Wimplicit-function-declaration conftest.c  -L. -L/home/vagrant/.rbenv/versions/1.9.3-p484/lib -Wl,-R/home/vagrant/.rbenv/versions/1.9.3-p484/lib -L. -L/home/vagrant/.rbenv/versions/1.9.3-p484/lib  -rdynamic -Wl,-export-dynamic     -Wl,-R -Wl,/home/vagrant/.rbenv/versions/1.9.3-p484/lib -L/home/vagrant/.rbenv/versions/1.9.3-p484/lib -lruby-static  -lpthread -lrt -ldl -lcrypt -lm   -lc"
checked program was:
/* begin */
1: #include "ruby.h"
2: 
3: int main(int argc, char **argv)
4: {
5:   return 0;
6: }
/* end */

"gcc -E -I/home/vagrant/.rbenv/versions/1.9.3-p484/include/ruby-1.9.1/x86_64-linux -I/home/vagrant/.rbenv/versions/1.9.3-p484/include/ruby-1.9.1/ruby/backward -I/home/vagrant/.rbenv/versions/1.9.3-p484/include/ruby-1.9.1 -I. -I/home/vagrant/.rbenv/versions/1.9.3-p484/include   -I/home/vagrant/.rbenv/versions/1.9.3-p484/include   -O3 -ggdb -Wall -Wextra -Wno-unused-parameter -Wno-parentheses -Wno-long-long -Wno-missing-field-initializers -Wpointer-arith -Wwrite-strings -Wdeclaration-after-statement -Wimplicit-function-declaration  conftest.c -o conftest.i"
conftest.c:3:17: error: ffi.h: No such file or directory
checked program was:
/* begin */
1: #include "ruby.h"
2: 
3: #include <ffi.h>
/* end */

--------------------

find_header: checking for ffi.h in /usr/local/include,/usr/include/ffi... -------------------- no

"gcc -E -I/home/vagrant/.rbenv/versions/1.9.3-p484/include/ruby-1.9.1/x86_64-linux -I/home/vagrant/.rbenv/versions/1.9.3-p484/include/ruby-1.9.1/ruby/backward -I/home/vagrant/.rbenv/versions/1.9.3-p484/include/ruby-1.9.1 -I. -I/home/vagrant/.rbenv/versions/1.9.3-p484/include   -I/home/vagrant/.rbenv/versions/1.9.3-p484/include   -O3 -ggdb -Wall -Wextra -Wno-unused-parameter -Wno-parentheses -Wno-long-long -Wno-missing-field-initializers -Wpointer-arith -Wwrite-strings -Wdeclaration-after-statement -Wimplicit-function-declaration  conftest.c -o conftest.i"
conftest.c:3:17: error: ffi.h: No such file or directory
checked program was:
/* begin */
1: #include "ruby.h"
2: 
3: #include <ffi.h>
/* end */

"gcc -E -I/home/vagrant/.rbenv/versions/1.9.3-p484/include/ruby-1.9.1/x86_64-linux -I/home/vagrant/.rbenv/versions/1.9.3-p484/include/ruby-1.9.1/ruby/backward -I/home/vagrant/.rbenv/versions/1.9.3-p484/include/ruby-1.9.1 -I. -I/home/vagrant/.rbenv/versions/1.9.3-p484/include   -I/home/vagrant/.rbenv/versions/1.9.3-p484/include   -O3 -ggdb -Wall -Wextra -Wno-unused-parameter -Wno-parentheses -Wno-long-long -Wno-missing-field-initializers -Wpointer-arith -Wwrite-strings -Wdeclaration-after-statement -Wimplicit-function-declaration -I/usr/local/include conftest.c -o conftest.i"
conftest.c:3:17: error: ffi.h: No such file or directory
checked program was:
/* begin */
1: #include "ruby.h"
2: 
3: #include <ffi.h>
/* end */

"gcc -E -I/home/vagrant/.rbenv/versions/1.9.3-p484/include/ruby-1.9.1/x86_64-linux -I/home/vagrant/.rbenv/versions/1.9.3-p484/include/ruby-1.9.1/ruby/backward -I/home/vagrant/.rbenv/versions/1.9.3-p484/include/ruby-1.9.1 -I. -I/home/vagrant/.rbenv/versions/1.9.3-p484/include   -I/home/vagrant/.rbenv/versions/1.9.3-p484/include   -O3 -ggdb -Wall -Wextra -Wno-unused-parameter -Wno-parentheses -Wno-long-long -Wno-missing-field-initializers -Wpointer-arith -Wwrite-strings -Wdeclaration-after-statement -Wimplicit-function-declaration -I/usr/include/ffi conftest.c -o conftest.i"
conftest.c:3:17: error: ffi.h: No such file or directory
checked program was:
/* begin */
1: #include "ruby.h"
2: 
3: #include <ffi.h>
/* end */

--------------------

have_func: checking for rb_thread_blocking_region()... -------------------- yes

"gcc -o conftest -I/home/vagrant/.rbenv/versions/1.9.3-p484/include/ruby-1.9.1/x86_64-linux -I/home/vagrant/.rbenv/versions/1.9.3-p484/include/ruby-1.9.1/ruby/backward -I/home/vagrant/.rbenv/versions/1.9.3-p484/include/ruby-1.9.1 -I. -I/home/vagrant/.rbenv/versions/1.9.3-p484/include   -I/home/vagrant/.rbenv/versions/1.9.3-p484/include   -O3 -ggdb -Wall -Wextra -Wno-unused-parameter -Wno-parentheses -Wno-long-long -Wno-missing-field-initializers -Wpointer-arith -Wwrite-strings -Wdeclaration-after-statement -Wimplicit-function-declaration conftest.c  -L. -L/home/vagrant/.rbenv/versions/1.9.3-p484/lib -Wl,-R/home/vagrant/.rbenv/versions/1.9.3-p484/lib -L. -L/home/vagrant/.rbenv/versions/1.9.3-p484/lib  -rdynamic -Wl,-export-dynamic     -Wl,-R -Wl,/home/vagrant/.rbenv/versions/1.9.3-p484/lib -L/home/vagrant/.rbenv/versions/1.9.3-p484/lib -lruby-static  -lpthread -lrt -ldl -lcrypt -lm   -lc"
checked program was:
/* begin */
 1: #include "ruby.h"
 2: 
 3: /*top*/
 4: int t() { void ((*volatile p)()); p = (void ((*)()))rb_thread_blocking_region; return 0; }
 5: int main(int argc, char **argv)
 6: {
 7:   if (argc > 1000000) {
 8:     printf("%p", &t);
 9:   }
10: 
11:   return 0;
12: }
/* end */

--------------------

have_func: checking for rb_thread_call_with_gvl()... -------------------- yes

"gcc -o conftest -I/home/vagrant/.rbenv/versions/1.9.3-p484/include/ruby-1.9.1/x86_64-linux -I/home/vagrant/.rbenv/versions/1.9.3-p484/include/ruby-1.9.1/ruby/backward -I/home/vagrant/.rbenv/versions/1.9.3-p484/include/ruby-1.9.1 -I. -I/home/vagrant/.rbenv/versions/1.9.3-p484/include   -I/home/vagrant/.rbenv/versions/1.9.3-p484/include   -O3 -ggdb -Wall -Wextra -Wno-unused-parameter -Wno-parentheses -Wno-long-long -Wno-missing-field-initializers -Wpointer-arith -Wwrite-strings -Wdeclaration-after-statement -Wimplicit-function-declaration conftest.c  -L. -L/home/vagrant/.rbenv/versions/1.9.3-p484/lib -Wl,-R/home/vagrant/.rbenv/versions/1.9.3-p484/lib -L. -L/home/vagrant/.rbenv/versions/1.9.3-p484/lib  -rdynamic -Wl,-export-dynamic     -Wl,-R -Wl,/home/vagrant/.rbenv/versions/1.9.3-p484/lib -L/home/vagrant/.rbenv/versions/1.9.3-p484/lib -lruby-static  -lpthread -lrt -ldl -lcrypt -lm   -lc"
conftest.c: In function 't':
conftest.c:4: error: 'rb_thread_call_with_gvl' undeclared (first use in this function)
conftest.c:4: error: (Each undeclared identifier is reported only once
conftest.c:4: error: for each function it appears in.)
checked program was:
/* begin */
 1: #include "ruby.h"
 2: 
 3: /*top*/
 4: int t() { void ((*volatile p)()); p = (void ((*)()))rb_thread_call_with_gvl; return 0; }
 5: int main(int argc, char **argv)
 6: {
 7:   if (argc > 1000000) {
 8:     printf("%p", &t);
 9:   }
10: 
11:   return 0;
12: }
/* end */

"gcc -o conftest -I/home/vagrant/.rbenv/versions/1.9.3-p484/include/ruby-1.9.1/x86_64-linux -I/home/vagrant/.rbenv/versions/1.9.3-p484/include/ruby-1.9.1/ruby/backward -I/home/vagrant/.rbenv/versions/1.9.3-p484/include/ruby-1.9.1 -I. -I/home/vagrant/.rbenv/versions/1.9.3-p484/include   -I/home/vagrant/.rbenv/versions/1.9.3-p484/include   -O3 -ggdb -Wall -Wextra -Wno-unused-parameter -Wno-parentheses -Wno-long-long -Wno-missing-field-initializers -Wpointer-arith -Wwrite-strings -Wdeclaration-after-statement -Wimplicit-function-declaration conftest.c  -L. -L/home/vagrant/.rbenv/versions/1.9.3-p484/lib -Wl,-R/home/vagrant/.rbenv/versions/1.9.3-p484/lib -L. -L/home/vagrant/.rbenv/versions/1.9.3-p484/lib  -rdynamic -Wl,-export-dynamic     -Wl,-R -Wl,/home/vagrant/.rbenv/versions/1.9.3-p484/lib -L/home/vagrant/.rbenv/versions/1.9.3-p484/lib -lruby-static  -lpthread -lrt -ldl -lcrypt -lm   -lc"
conftest.c: In function 't':
conftest.c:4: warning: implicit declaration of function 'rb_thread_call_with_gvl'
checked program was:
/* begin */
 1: #include "ruby.h"
 2: 
 3: /*top*/
 4: int t() { rb_thread_call_with_gvl(); return 0; }
 5: int main(int argc, char **argv)
 6: {
 7:   if (argc > 1000000) {
 8:     printf("%p", &t);
 9:   }
10: 
11:   return 0;
12: }
/* end */

--------------------

have_func: checking for rb_thread_call_without_gvl()... -------------------- yes

"gcc -o conftest -I/home/vagrant/.rbenv/versions/1.9.3-p484/include/ruby-1.9.1/x86_64-linux -I/home/vagrant/.rbenv/versions/1.9.3-p484/include/ruby-1.9.1/ruby/backward -I/home/vagrant/.rbenv/versions/1.9.3-p484/include/ruby-1.9.1 -I. -I/home/vagrant/.rbenv/versions/1.9.3-p484/include   -I/home/vagrant/.rbenv/versions/1.9.3-p484/include   -O3 -ggdb -Wall -Wextra -Wno-unused-parameter -Wno-parentheses -Wno-long-long -Wno-missing-field-initializers -Wpointer-arith -Wwrite-strings -Wdeclaration-after-statement -Wimplicit-function-declaration conftest.c  -L. -L/home/vagrant/.rbenv/versions/1.9.3-p484/lib -Wl,-R/home/vagrant/.rbenv/versions/1.9.3-p484/lib -L. -L/home/vagrant/.rbenv/versions/1.9.3-p484/lib  -rdynamic -Wl,-export-dynamic     -Wl,-R -Wl,/home/vagrant/.rbenv/versions/1.9.3-p484/lib -L/home/vagrant/.rbenv/versions/1.9.3-p484/lib -lruby-static  -lpthread -lrt -ldl -lcrypt -lm   -lc"
conftest.c: In function 't':
conftest.c:4: error: 'rb_thread_call_without_gvl' undeclared (first use in this function)
conftest.c:4: error: (Each undeclared identifier is reported only once
conftest.c:4: error: for each function it appears in.)
checked program was:
/* begin */
 1: #include "ruby.h"
 2: 
 3: /*top*/
 4: int t() { void ((*volatile p)()); p = (void ((*)()))rb_thread_call_without_gvl; return 0; }
 5: int main(int argc, char **argv)
 6: {
 7:   if (argc > 1000000) {
 8:     printf("%p", &t);
 9:   }
10: 
11:   return 0;
12: }
/* end */

"gcc -o conftest -I/home/vagrant/.rbenv/versions/1.9.3-p484/include/ruby-1.9.1/x86_64-linux -I/home/vagrant/.rbenv/versions/1.9.3-p484/include/ruby-1.9.1/ruby/backward -I/home/vagrant/.rbenv/versions/1.9.3-p484/include/ruby-1.9.1 -I. -I/home/vagrant/.rbenv/versions/1.9.3-p484/include   -I/home/vagrant/.rbenv/versions/1.9.3-p484/include   -O3 -ggdb -Wall -Wextra -Wno-unused-parameter -Wno-parentheses -Wno-long-long -Wno-missing-field-initializers -Wpointer-arith -Wwrite-strings -Wdeclaration-after-statement -Wimplicit-function-declaration conftest.c  -L. -L/home/vagrant/.rbenv/versions/1.9.3-p484/lib -Wl,-R/home/vagrant/.rbenv/versions/1.9.3-p484/lib -L. -L/home/vagrant/.rbenv/versions/1.9.3-p484/lib  -rdynamic -Wl,-export-dynamic     -Wl,-R -Wl,/home/vagrant/.rbenv/versions/1.9.3-p484/lib -L/home/vagrant/.rbenv/versions/1.9.3-p484/lib -lruby-static  -lpthread -lrt -ldl -lcrypt -lm   -lc"
conftest.c: In function 't':
conftest.c:4: warning: implicit declaration of function 'rb_thread_call_without_gvl'
checked program was:
/* begin */
 1: #include "ruby.h"
 2: 
 3: /*top*/
 4: int t() { rb_thread_call_without_gvl(); return 0; }
 5: int main(int argc, char **argv)
 6: {
 7:   if (argc > 1000000) {
 8:     printf("%p", &t);
 9:   }
10: 
11:   return 0;
12: }
/* end */

--------------------

have_func: checking for ffi_prep_cif_var()... -------------------- no

"gcc -o conftest -I/home/vagrant/.rbenv/versions/1.9.3-p484/include/ruby-1.9.1/x86_64-linux -I/home/vagrant/.rbenv/versions/1.9.3-p484/include/ruby-1.9.1/ruby/backward -I/home/vagrant/.rbenv/versions/1.9.3-p484/include/ruby-1.9.1 -I. -I/home/vagrant/.rbenv/versions/1.9.3-p484/include   -I/home/vagrant/.rbenv/versions/1.9.3-p484/include   -O3 -ggdb -Wall -Wextra -Wno-unused-parameter -Wno-parentheses -Wno-long-long -Wno-missing-field-initializers -Wpointer-arith -Wwrite-strings -Wdeclaration-after-statement -Wimplicit-function-declaration conftest.c  -L. -L/home/vagrant/.rbenv/versions/1.9.3-p484/lib -Wl,-R/home/vagrant/.rbenv/versions/1.9.3-p484/lib -L. -L/home/vagrant/.rbenv/versions/1.9.3-p484/lib  -rdynamic -Wl,-export-dynamic     -Wl,-R -Wl,/home/vagrant/.rbenv/versions/1.9.3-p484/lib -L/home/vagrant/.rbenv/versions/1.9.3-p484/lib -lruby-static  -lpthread -lrt -ldl -lcrypt -lm   -lc"
conftest.c: In function 't':
conftest.c:4: error: 'ffi_prep_cif_var' undeclared (first use in this function)
conftest.c:4: error: (Each undeclared identifier is reported only once
conftest.c:4: error: for each function it appears in.)
checked program was:
/* begin */
 1: #include "ruby.h"
 2: 
 3: /*top*/
 4: int t() { void ((*volatile p)()); p = (void ((*)()))ffi_prep_cif_var; return 0; }
 5: int main(int argc, char **argv)
 6: {
 7:   if (argc > 1000000) {
 8:     printf("%p", &t);
 9:   }
10: 
11:   return 0;
12: }
/* end */

"gcc -o conftest -I/home/vagrant/.rbenv/versions/1.9.3-p484/include/ruby-1.9.1/x86_64-linux -I/home/vagrant/.rbenv/versions/1.9.3-p484/include/ruby-1.9.1/ruby/backward -I/home/vagrant/.rbenv/versions/1.9.3-p484/include/ruby-1.9.1 -I. -I/home/vagrant/.rbenv/versions/1.9.3-p484/include   -I/home/vagrant/.rbenv/versions/1.9.3-p484/include   -O3 -ggdb -Wall -Wextra -Wno-unused-parameter -Wno-parentheses -Wno-long-long -Wno-missing-field-initializers -Wpointer-arith -Wwrite-strings -Wdeclaration-after-statement -Wimplicit-function-declaration conftest.c  -L. -L/home/vagrant/.rbenv/versions/1.9.3-p484/lib -Wl,-R/home/vagrant/.rbenv/versions/1.9.3-p484/lib -L. -L/home/vagrant/.rbenv/versions/1.9.3-p484/lib  -rdynamic -Wl,-export-dynamic     -Wl,-R -Wl,/home/vagrant/.rbenv/versions/1.9.3-p484/lib -L/home/vagrant/.rbenv/versions/1.9.3-p484/lib -lruby-static  -lpthread -lrt -ldl -lcrypt -lm   -lc"
conftest.c: In function 't':
conftest.c:4: warning: implicit declaration of function 'ffi_prep_cif_var'
/tmp/ccZLG1bu.o: In function `t':
/home/vagrant/rails_projects/sample_app/sample_app_3.2-gemset/gems/ffi-1.9.3/ext/ffi_c/conftest.c:4: undefined reference to `ffi_prep_cif_var'
collect2: ld returned 1 exit status
checked program was:
/* begin */
 1: #include "ruby.h"
 2: 
 3: /*top*/
 4: int t() { ffi_prep_cif_var(); return 0; }
 5: int main(int argc, char **argv)
 6: {
 7:   if (argc > 1000000) {
 8:     printf("%p", &t);
 9:   }
10: 
11:   return 0;
12: }
/* end */

--------------------

extconf.h is:
/* begin */
1: #ifndef EXTCONF_H
2: #define EXTCONF_H
3: #define HAVE_RB_THREAD_BLOCKING_REGION 1
4: #define HAVE_RB_THREAD_CALL_WITH_GVL 1
5: #define HAVE_RB_THREAD_CALL_WITHOUT_GVL 1
6: #define USE_INTERNAL_LIBFFI 1
7: #define RUBY_1_9 1
8: #endif
/* end */

